<?xml version="1.0" encoding="UTF-8"?>
<!-- Generated by org.testng.reporters.JUnitReportReporter -->
<testsuite hostname="DESKTOP-5712D12" failures="0" tests="1" name="test.LoginTest" time="6.963" errors="0" timestamp="2025-09-26T00:40:16 IST" skipped="0">
  <testcase classname="test.LoginTest" name="testValidLogin" time="6.963"/>
</testsuite> <!-- test.LoginTest -->
