<?xml version="1.0" encoding="UTF-8"?>
<!-- Generated by org.testng.reporters.JUnitReportReporter -->
<testsuite hostname="DESKTOP-5712D12" failures="0" tests="1" name="test.LoginTest" time="4.403" errors="0" timestamp="2025-09-25T00:45:11 IST" skipped="0">
  <testcase classname="test.LoginTest" name="testValidLogin" time="4.403"/>
</testsuite> <!-- test.LoginTest -->
